<?xml version="1.0" encoding="UTF-8"?>
<!-- Generated by org.testng.reporters.JUnitReportReporter -->
<testsuite skipped="4" hostname="LAPTOP-QQO8ETHD" name="framework.Assignment" tests="5" failures="0" timestamp="2021-02-07T22:29:32 CST" time="98.029" errors="0">
  <testcase name="Testcase5SignInOut" time="98.029" classname="framework.Assignment"/>
  <system-out/>
  <testcase name="Testcase3HelpAndSupport" classname="framework.Assignment">
    <skipped/>
  </testcase> <!-- Testcase3HelpAndSupport -->
  <system-out/>
  <testcase name="Testcase2CovidDismiss" classname="framework.Assignment">
    <skipped/>
  </testcase> <!-- Testcase2CovidDismiss -->
  <system-out/>
  <testcase name="Testcase4SignUp" classname="framework.Assignment">
    <skipped/>
  </testcase> <!-- Testcase4SignUp -->
  <system-out/>
  <testcase name="Testcase1WhatsnewDismiss" classname="framework.Assignment">
    <skipped/>
  </testcase> <!-- Testcase1WhatsnewDismiss -->
  <system-out/>
</testsuite> <!-- framework.Assignment -->
