<?xml version="1.0" encoding="UTF-8"?>
<!-- Generated by org.testng.reporters.JUnitReportReporter -->
<testsuite skipped="3" hostname="LAPTOP-QQO8ETHD" name="framework.Demo" tests="4" failures="0" timestamp="2021-02-05T18:24:21 CST" time="90.290" errors="0">
  <testcase name="Testcase4" time="90.290" classname="framework.Demo"/>
  <system-out/>
  <testcase name="Testcase3" classname="framework.Demo">
    <skipped/>
  </testcase> <!-- Testcase3 -->
  <system-out/>
  <testcase name="Testcase2" classname="framework.Demo">
    <skipped/>
  </testcase> <!-- Testcase2 -->
  <system-out/>
  <testcase name="Testcase1" classname="framework.Demo">
    <skipped/>
  </testcase> <!-- Testcase1 -->
  <system-out/>
</testsuite> <!-- framework.Demo -->
